<?xml version="1.0" encoding="UTF-8"?>
<testsuite name="com.galvanize.jwtclient.CategoriesControllerTests" tests="6" skipped="0" failures="0" errors="0" timestamp="2024-09-10T18:08:37" hostname="DESKTOP-FIV6KMF" time="0.247">
  <properties/>
  <testcase name="updateCategory_valid_Returns_UpdatedCategoryName()" classname="com.galvanize.jwtclient.CategoriesControllerTests" time="0.123"/>
  <testcase name="deleteCategory_exists_returns202()" classname="com.galvanize.jwtclient.CategoriesControllerTests" time="0.011"/>
  <testcase name="updateCategory_invalid_RequestReturns_throwsException()" classname="com.galvanize.jwtclient.CategoriesControllerTests" time="0.03"/>
  <testcase name="getCategories_noParams_returnsAllCategories()" classname="com.galvanize.jwtclient.CategoriesControllerTests" time="0.029"/>
  <testcase name="deleteCategory_doesnotExists_returnsNotFound()" classname="com.galvanize.jwtclient.CategoriesControllerTests" time="0.021"/>
  <testcase name="addCategory_returnsCategory()" classname="com.galvanize.jwtclient.CategoriesControllerTests" time="0.019"/>
  <system-out><![CDATA[2024-09-10T14:08:37.198-04:00  INFO 17784 --- [alfi-admin-api] [    Test worker] t.c.s.AnnotationConfigContextLoaderUtils : Could not detect default configuration classes for test class [com.galvanize.jwtclient.CategoriesControllerTests]: CategoriesControllerTests does not declare any static, non-private, non-final, nested classes annotated with @Configuration.
2024-09-10T14:08:37.215-04:00  INFO 17784 --- [alfi-admin-api] [    Test worker] .b.t.c.SpringBootTestContextBootstrapper : Found @SpringBootConfiguration com.galvanize.jwtclient.JwtClientApplication for test class com.galvanize.jwtclient.CategoriesControllerTests

  .   ____          _            __ _ _
 /\\ / ___'_ __ _ _(_)_ __  __ _ \ \ \ \
( ( )\___ | '_ | '_| | '_ \/ _` | \ \ \ \
 \\/  ___)| |_)| | | | | || (_| |  ) ) ) )
  '  |____| .__|_| |_|_| |_\__, | / / / /
 =========|_|==============|___/=/_/_/_/
 :: Spring Boot ::                (v3.2.3)

2024-09-10T14:08:37.264-04:00  INFO 17784 --- [alfi-admin-api] [    Test worker] c.g.jwtclient.CategoriesControllerTests  : Starting CategoriesControllerTests using Java 17.0.11 with PID 17784 (started by ingai in C:\Users\ingai\IdeaProjects\alfi-admin-api)
2024-09-10T14:08:37.265-04:00  INFO 17784 --- [alfi-admin-api] [    Test worker] c.g.jwtclient.CategoriesControllerTests  : No active profile set, falling back to 1 default profile: "default"
2024-09-10T14:08:37.626-04:00  WARN 17784 --- [alfi-admin-api] [    Test worker] .s.s.UserDetailsServiceAutoConfiguration : 

Using generated security password: 86e71278-d7a0-4c8b-b2e1-43f224db4f0e

This generated password is for development use only. Your security configuration must be updated before running your application in production.

2024-09-10T14:08:37.635-04:00  INFO 17784 --- [alfi-admin-api] [    Test worker] o.s.s.web.DefaultSecurityFilterChain     : Will secure any request with [org.springframework.security.web.session.DisableEncodeUrlFilter@634de03e, org.springframework.security.web.context.request.async.WebAsyncManagerIntegrationFilter@5ca29f17, org.springframework.security.web.context.SecurityContextHolderFilter@1f79536b, org.springframework.security.web.header.HeaderWriterFilter@3095a6e0, org.springframework.web.filter.CorsFilter@66f965a, org.springframework.security.web.csrf.CsrfFilter@4b56971a, org.springframework.security.web.authentication.logout.LogoutFilter@71b6886, org.springframework.security.web.authentication.UsernamePasswordAuthenticationFilter@11b975cc, org.springframework.security.web.authentication.ui.DefaultLoginPageGeneratingFilter@75ad8ca8, org.springframework.security.web.authentication.ui.DefaultLogoutPageGeneratingFilter@18ca65ea, org.springframework.security.web.authentication.www.BasicAuthenticationFilter@4d3a7025, org.springframework.security.web.savedrequest.RequestCacheAwareFilter@6068e9d9, org.springframework.security.web.servletapi.SecurityContextHolderAwareRequestFilter@681285ec, org.springframework.security.web.authentication.AnonymousAuthenticationFilter@140a2add, org.springframework.security.web.access.ExceptionTranslationFilter@1263422a, org.springframework.security.web.access.intercept.AuthorizationFilter@620bab73]
2024-09-10T14:08:37.644-04:00  INFO 17784 --- [alfi-admin-api] [    Test worker] o.s.b.t.m.w.SpringBootMockServletContext : Initializing Spring TestDispatcherServlet ''
2024-09-10T14:08:37.644-04:00  INFO 17784 --- [alfi-admin-api] [    Test worker] o.s.t.web.servlet.TestDispatcherServlet  : Initializing Servlet ''
2024-09-10T14:08:37.645-04:00  INFO 17784 --- [alfi-admin-api] [    Test worker] o.s.t.web.servlet.TestDispatcherServlet  : Completed initialization in 1 ms
2024-09-10T14:08:37.652-04:00  INFO 17784 --- [alfi-admin-api] [    Test worker] c.g.jwtclient.CategoriesControllerTests  : Started CategoriesControllerTests in 0.43 seconds (process running for 14.763)

MockHttpServletRequest:
      HTTP Method = PATCH
      Request URI = /api/admin/categories/Yard
       Parameters = {_csrf=[llVjMcDvMi6Nb3NgnhBXOmxppnOwzXULUXcNYUQaSfErQdv2pWEBAaTYBkygXkMEqD1jDF8Ii0rSq00mZE9sWSUrL8VPIuuU]}
          Headers = [Content-Type:"application/json;charset=UTF-8", Content-Length:"15"]
             Body = {"name":"Yard"}
    Session Attrs = {SPRING_SECURITY_CONTEXT=SecurityContextImpl [Authentication=UsernamePasswordAuthenticationToken [Principal=org.springframework.security.core.userdetails.User [Username=user, Password=[PROTECTED], Enabled=true, AccountNonExpired=true, CredentialsNonExpired=true, AccountNonLocked=true, Granted Authorities=[ROLE_ADMIN]], Credentials=[PROTECTED], Authenticated=true, Details=null, Granted Authorities=[ROLE_ADMIN]]]}

Handler:
             Type = com.galvanize.jwtclient.CategoriesController
           Method = com.galvanize.jwtclient.CategoriesController#updateCategory(String, Cat)

Async:
    Async started = false
     Async result = null

Resolved Exception:
             Type = null

ModelAndView:
        View name = null
             View = null
            Model = null

FlashMap:
       Attributes = null

MockHttpServletResponse:
           Status = 200
    Error message = null
          Headers = [Vary:"Origin", "Access-Control-Request-Method", "Access-Control-Request-Headers", Content-Type:"application/json", X-Content-Type-Options:"nosniff", X-XSS-Protection:"0", Cache-Control:"no-cache, no-store, max-age=0, must-revalidate", Pragma:"no-cache", Expires:"0", X-Frame-Options:"DENY"]
     Content type = application/json
             Body = {"id":1236,"name":"Outdoors"}
    Forwarded URL = null
   Redirected URL = null
          Cookies = []

MockHttpServletRequest:
      HTTP Method = PATCH
      Request URI = /api/admin/categories/Food
       Parameters = {_csrf=[lRrG2-jsUwQ1MItmU5bme7PfMWdDG2goQfPI4gf5ALxeI1VepCOkuN2NMGUYB7NWYbvSQoLpHAZxLFoFJcT_0zXMM4poQjc7]}
          Headers = [Content-Type:"application/json;charset=UTF-8", Content-Length:"22"]
             Body = {"name":"Electronics"}
    Session Attrs = {SPRING_SECURITY_CONTEXT=SecurityContextImpl [Authentication=UsernamePasswordAuthenticationToken [Principal=org.springframework.security.core.userdetails.User [Username=user, Password=[PROTECTED], Enabled=true, AccountNonExpired=true, CredentialsNonExpired=true, AccountNonLocked=true, Granted Authorities=[ROLE_ADMIN]], Credentials=[PROTECTED], Authenticated=true, Details=null, Granted Authorities=[ROLE_ADMIN]]]}

Handler:
             Type = com.galvanize.jwtclient.CategoriesController
           Method = com.galvanize.jwtclient.CategoriesController#updateCategory(String, Cat)

Async:
    Async started = false
     Async result = null

Resolved Exception:
             Type = com.galvanize.jwtclient.CatNotFoundException

ModelAndView:
        View name = null
             View = null
            Model = null

FlashMap:
       Attributes = null

MockHttpServletResponse:
           Status = 404
    Error message = null
          Headers = [Vary:"Origin", "Access-Control-Request-Method", "Access-Control-Request-Headers", Content-Type:"text/plain;charset=UTF-8", Content-Length:"18", X-Content-Type-Options:"nosniff", X-XSS-Protection:"0", Cache-Control:"no-cache, no-store, max-age=0, must-revalidate", Pragma:"no-cache", Expires:"0", X-Frame-Options:"DENY"]
     Content type = text/plain;charset=UTF-8
             Body = Category not found
    Forwarded URL = null
   Redirected URL = null
          Cookies = []

MockHttpServletRequest:
      HTTP Method = GET
      Request URI = /api/admin/categories
       Parameters = {_csrf=[ck_8tczQ9jQh0non39A8DV4d3Jm-E-LdYJkfbw8gVZI51zE1E37I0P2xl1YM6h9Dvf0Ibjh58aCOJofwBvopXDtFN_QN4AMF]}
          Headers = []
             Body = null
    Session Attrs = {SPRING_SECURITY_CONTEXT=SecurityContextImpl [Authentication=UsernamePasswordAuthenticationToken [Principal=org.springframework.security.core.userdetails.User [Username=user, Password=[PROTECTED], Enabled=true, AccountNonExpired=true, CredentialsNonExpired=true, AccountNonLocked=true, Granted Authorities=[ROLE_User]], Credentials=[PROTECTED], Authenticated=true, Details=null, Granted Authorities=[ROLE_User]]]}

Handler:
             Type = com.galvanize.jwtclient.CategoriesController
           Method = com.galvanize.jwtclient.CategoriesController#getCategory()

Async:
    Async started = false
     Async result = null

Resolved Exception:
             Type = null

ModelAndView:
        View name = null
             View = null
            Model = null

FlashMap:
       Attributes = null

MockHttpServletResponse:
           Status = 200
    Error message = null
          Headers = [Vary:"Origin", "Access-Control-Request-Method", "Access-Control-Request-Headers", Content-Type:"application/json", X-Content-Type-Options:"nosniff", X-XSS-Protection:"0", Cache-Control:"no-cache, no-store, max-age=0, must-revalidate", Pragma:"no-cache", Expires:"0", X-Frame-Options:"DENY"]
     Content type = application/json
             Body = {"categories":[{"id":1234,"name":"Electronics"},{"id":1235,"name":"Kitchen"},{"id":1236,"name":"Yard"}],"empty":false}
    Forwarded URL = null
   Redirected URL = null
          Cookies = []

MockHttpServletRequest:
      HTTP Method = DELETE
      Request URI = /api/admin/categories/NOTHING
       Parameters = {_csrf=[A1r47qF0HZacM3sw7wAyH4zHs5zBb8V2boLQ-zIpJJr7hPG_M2nA18RGKKaxB0tT3C0GJr6hnqXwWKdbCLboywMQFfiY4Mjd]}
          Headers = []
             Body = null
    Session Attrs = {SPRING_SECURITY_CONTEXT=SecurityContextImpl [Authentication=UsernamePasswordAuthenticationToken [Principal=org.springframework.security.core.userdetails.User [Username=user, Password=[PROTECTED], Enabled=true, AccountNonExpired=true, CredentialsNonExpired=true, AccountNonLocked=true, Granted Authorities=[ROLE_ADMIN]], Credentials=[PROTECTED], Authenticated=true, Details=null, Granted Authorities=[ROLE_ADMIN]]]}

Handler:
             Type = com.galvanize.jwtclient.CategoriesController
           Method = com.galvanize.jwtclient.CategoriesController#deleteCategory(String)

Async:
    Async started = false
     Async result = null

Resolved Exception:
             Type = org.springframework.web.server.ResponseStatusException

ModelAndView:
        View name = null
             View = null
            Model = null

FlashMap:
       Attributes = null

MockHttpServletResponse:
           Status = 404
    Error message = Category not found
          Headers = [Vary:"Origin", "Access-Control-Request-Method", "Access-Control-Request-Headers", X-Content-Type-Options:"nosniff", X-XSS-Protection:"0", Cache-Control:"no-cache, no-store, max-age=0, must-revalidate", Pragma:"no-cache", Expires:"0", X-Frame-Options:"DENY"]
     Content type = null
             Body = 
    Forwarded URL = null
   Redirected URL = null
          Cookies = []

MockHttpServletRequest:
      HTTP Method = POST
      Request URI = /api/admin/categories
       Parameters = {_csrf=[wjNH7bkddweLCY1a8NhP5VaDZs9DQmKYyj9lI8GxVYOG1Qjn-wQk3I4pRGGmP-w-w_V7hzS1S_d0IVK18gkBRqPTNOKy4mzR]}
          Headers = [Content-Type:"application/json;charset=UTF-8", Content-Length:"31"]
             Body = {"id":1237,"name":"Appliances"}
    Session Attrs = {SPRING_SECURITY_CONTEXT=SecurityContextImpl [Authentication=UsernamePasswordAuthenticationToken [Principal=org.springframework.security.core.userdetails.User [Username=user, Password=[PROTECTED], Enabled=true, AccountNonExpired=true, CredentialsNonExpired=true, AccountNonLocked=true, Granted Authorities=[ROLE_Admin]], Credentials=[PROTECTED], Authenticated=true, Details=null, Granted Authorities=[ROLE_Admin]]]}

Handler:
             Type = com.galvanize.jwtclient.CategoriesController
           Method = com.galvanize.jwtclient.CategoriesController#addCategory(Cat)

Async:
    Async started = false
     Async result = null

Resolved Exception:
             Type = null

ModelAndView:
        View name = null
             View = null
            Model = null

FlashMap:
       Attributes = null

MockHttpServletResponse:
           Status = 200
    Error message = null
          Headers = [Vary:"Origin", "Access-Control-Request-Method", "Access-Control-Request-Headers", Content-Type:"application/json", X-Content-Type-Options:"nosniff", X-XSS-Protection:"0", Cache-Control:"no-cache, no-store, max-age=0, must-revalidate", Pragma:"no-cache", Expires:"0", X-Frame-Options:"DENY"]
     Content type = application/json
             Body = {"id":1237,"name":"Appliances"}
    Forwarded URL = null
   Redirected URL = null
          Cookies = []
]]></system-out>
  <system-err><![CDATA[]]></system-err>
</testsuite>
